<?xml version="1.0" encoding="UTF-8"?>
<!-- Generated by org.testng.reporters.JUnitXMLReporter -->
<testsuite ignored="0" hostname="LTIN487107" failures="0" tests="6" name="ChromeTest" time="173.014" errors="0" timestamp="2024-04-01T01:20:31 IST">
  <testcase classname="testCases.TC_001_News_Around_Cognizant" name="validateUser" time="14.579"/>
  <testcase classname="testCases.TC_001_News_Around_Cognizant" name="validationOfAroundCognizant" time="3.103"/>
  <testcase classname="testCases.TC_001_News_Around_Cognizant" name="newsAroundCognizantFirstPage" time="6.67"/>
  <testcase classname="testCases.TC_001_News_Around_Cognizant" name="clickSeeAll" time="9.141"/>
  <testcase classname="testCases.TC_001_News_Around_Cognizant" name="SecondPage" time="5.153"/>
  <testcase classname="testCases.TC_001_News_Around_Cognizant" name="top5News" time="124.61"/>
</testsuite> <!-- ChromeTest -->
