<?xml version="1.0" encoding="UTF-8"?>
<!-- Generated by org.testng.reporters.JUnitXMLReporter -->
<testsuite ignored="0" hostname="LTIN487107" failures="0" tests="6" name="EdgeTest" time="175.455" errors="0" timestamp="2024-04-01T01:23:30 IST">
  <testcase classname="testCases.TC_001_News_Around_Cognizant" name="validateUser" time="14.231"/>
  <testcase classname="testCases.TC_001_News_Around_Cognizant" name="validationOfAroundCognizant" time="3.066"/>
  <testcase classname="testCases.TC_001_News_Around_Cognizant" name="newsAroundCognizantFirstPage" time="5.168"/>
  <testcase classname="testCases.TC_001_News_Around_Cognizant" name="clickSeeAll" time="9.176"/>
  <testcase classname="testCases.TC_001_News_Around_Cognizant" name="SecondPage" time="5.149"/>
  <testcase classname="testCases.TC_001_News_Around_Cognizant" name="top5News" time="127.609"/>
</testsuite> <!-- EdgeTest -->
