<?xml version="1.0" encoding="UTF-8"?>
<testng-results ignored="0" total="6" passed="6" failed="0" skipped="0">
  <reporter-output>
  </reporter-output>
  <suite started-at="2024-04-02T10:19:07 IST" name="Suite" finished-at="2024-04-02T10:21:59 IST" duration-ms="172638">
    <groups>
    </groups>
    <test started-at="2024-04-02T10:19:07 IST" name="Test" finished-at="2024-04-02T10:21:59 IST" duration-ms="172638">
      <class name="testCases.TC_001_News_Around_Cognizant">
        <test-method is-config="true" signature="setDriver(java.lang.String,java.lang.String)[pri:0, instance:testCases.TC_001_News_Around_Cognizant@43bc63a3]" started-at="2024-04-02T10:19:07 IST" name="setDriver" finished-at="2024-04-02T10:19:12 IST" duration-ms="5382" status="PASS">
          <params>
            <param index="0">
              <value>
                <![CDATA[chrome]]>
              </value>
            </param>
            <param index="1">
              <value>
                <![CDATA[https://cognizantonline.sharepoint.com/sites/Be.Cognizant/SitePages/Home.aspx]]>
              </value>
            </param>
          </params>
          <reporter-output>
          </reporter-output>
        </test-method> <!-- setDriver -->
        <test-method signature="validateUser()[pri:1, instance:testCases.TC_001_News_Around_Cognizant@43bc63a3]" started-at="2024-04-02T10:19:12 IST" name="validateUser" finished-at="2024-04-02T10:19:27 IST" duration-ms="14350" status="PASS">
          <reporter-output>
          </reporter-output>
        </test-method> <!-- validateUser -->
        <test-method signature="validationOfAroundCognizant()[pri:2, instance:testCases.TC_001_News_Around_Cognizant@43bc63a3]" started-at="2024-04-02T10:19:27 IST" name="validationOfAroundCognizant" finished-at="2024-04-02T10:19:30 IST" duration-ms="3061" status="PASS">
          <reporter-output>
          </reporter-output>
        </test-method> <!-- validationOfAroundCognizant -->
        <test-method signature="newsAroundCognizantFirstPage()[pri:3, instance:testCases.TC_001_News_Around_Cognizant@43bc63a3]" started-at="2024-04-02T10:19:30 IST" name="newsAroundCognizantFirstPage" finished-at="2024-04-02T10:19:36 IST" duration-ms="5564" status="PASS">
          <reporter-output>
          </reporter-output>
        </test-method> <!-- newsAroundCognizantFirstPage -->
        <test-method signature="clickSeeAll()[pri:4, instance:testCases.TC_001_News_Around_Cognizant@43bc63a3]" started-at="2024-04-02T10:19:36 IST" name="clickSeeAll" finished-at="2024-04-02T10:19:45 IST" duration-ms="9173" status="PASS">
          <reporter-output>
          </reporter-output>
        </test-method> <!-- clickSeeAll -->
        <test-method signature="SecondPage()[pri:5, instance:testCases.TC_001_News_Around_Cognizant@43bc63a3]" started-at="2024-04-02T10:19:45 IST" name="SecondPage" finished-at="2024-04-02T10:19:50 IST" duration-ms="5206" status="PASS">
          <reporter-output>
          </reporter-output>
        </test-method> <!-- SecondPage -->
        <test-method signature="top5News()[pri:6, instance:testCases.TC_001_News_Around_Cognizant@43bc63a3]" started-at="2024-04-02T10:19:51 IST" name="top5News" finished-at="2024-04-02T10:21:58 IST" duration-ms="126964" status="PASS">
          <reporter-output>
          </reporter-output>
        </test-method> <!-- top5News -->
        <test-method is-config="true" signature="closeBrowser()[pri:0, instance:testCases.TC_001_News_Around_Cognizant@43bc63a3]" started-at="2024-04-02T10:21:58 IST" name="closeBrowser" finished-at="2024-04-02T10:21:59 IST" duration-ms="1461" status="PASS">
          <reporter-output>
          </reporter-output>
        </test-method> <!-- closeBrowser -->
      </class> <!-- testCases.TC_001_News_Around_Cognizant -->
    </test> <!-- Test -->
  </suite> <!-- Suite -->
</testng-results>
